===== Iniciando execução do scraper em Tue Mar 25 23:06:02 UTC 2025 =====
Executando scraper para ynetnews_articles_2025-03-25_23-06-02.json...
Extraindo links de artigos...
Encontrados 60 links de artigos
Extraindo conteúdo de: https://www.ynetnews.com/article/hjdyzix6ye#autoplay
Imagem principal encontrada: https://ynet-pic1.yit.co.il/cdn-cgi/image/format=auto/picserver6/crop_images/2025/03/24/r1yovm16Jx/r1yovm16Jx_0_47_780_439_0_x-large.jpg
Baixando imagem: https://ynet-pic1.yit.co.il/cdn-cgi/image/format=auto/picserver6/crop_images/2025/03/24/r1yovm16Jx/r1yovm16Jx_0_47_780_439_0_x-large.jpg
Imagem salva em: /var/www/madua/public/article-images/after-son-seen-in-hamas-video-father-of-hostage-ha-1.jpg
Artigo extraído: After son seen in Hamas video, father of hostage has some relief 
Extraindo conteúdo de: https://www.ynetnews.com/article/bkerpvepye
Imagem principal encontrada: https://ynet-pic1.yit.co.il/cdn-cgi/image/format=auto/picserver6/crop_images/2025/03/06/B1tH0OPjyx/B1tH0OPjyx_0_0_850_479_0_x-large.jpg
Baixando imagem: https://ynet-pic1.yit.co.il/cdn-cgi/image/format=auto/picserver6/crop_images/2025/03/06/B1tH0OPjyx/B1tH0OPjyx_0_0_850_479_0_x-large.jpg
Imagem salva em: /var/www/madua/public/article-images/gaza-war-must-be-focused-effective-with-limited-ti-2.jpg
Artigo extraído: Gaza war must be focused, effective, with limited timeframe, US officials say
Extraindo conteúdo de: https://www.ynetnews.com/article/sjyw4peaye#autoplay
Imagem principal encontrada: https://ynet-pic1.yit.co.il/cdn-cgi/image/format=auto/picserver6/crop_images/2025/03/25/Bygkz5HxpJx/Bygkz5HxpJx_0_195_466_263_0_x-large.jpg
Baixando imagem: https://ynet-pic1.yit.co.il/cdn-cgi/image/format=auto/picserver6/crop_images/2025/03/25/Bygkz5HxpJx/Bygkz5HxpJx_0_195_466_263_0_x-large.jpg
Imagem salva em: /var/www/madua/public/article-images/hamas-must-go-gazans-demand-an-end-to-war-in-prote-3.jpg
Artigo extraído: 'Hamas must go': Gazans demand an end to war in protest
Extraindo conteúdo de: https://www.ynetnews.com/article/hyxzh11e6jg#autoplay
Imagem principal encontrada: https://ynet-pic1.yit.co.il/cdn-cgi/image/format=auto/picserver6/crop_images/2025/03/13/Sk00hOxeh1x/Sk00hOxeh1x_0_83_3000_1688_0_x-large.jpg
Baixando imagem: https://ynet-pic1.yit.co.il/cdn-cgi/image/format=auto/picserver6/crop_images/2025/03/13/Sk00hOxeh1x/Sk00hOxeh1x_0_83_3000_1688_0_x-large.jpg
Imagem salva em: /var/www/madua/public/article-images/israel-cant-count-on-trumps-support-against-iran-p-3.jpg
Artigo extraído: 'Israel can't count on Trump's support against Iran,' Putlitzer Prize-winning journalist says 
Extraindo conteúdo de: https://www.ynetnews.com/article/byuezlxa1e
Imagem principal encontrada: https://ynet-pic1.yit.co.il/cdn-cgi/image/format=auto/picserver6/crop_images/2025/03/25/HJCByUeTJl/HJCByUeTJl_0_0_850_479_0_x-large.jpg
Baixando imagem: https://ynet-pic1.yit.co.il/cdn-cgi/image/format=auto/picserver6/crop_images/2025/03/25/HJCByUeTJl/HJCByUeTJl_0_0_850_479_0_x-large.jpg
Imagem salva em: /var/www/madua/public/article-images/isareli-top-court-upholds-freez-on-ouster-of-shin--3.jpg
Artigo extraído: Isareli top court upholds freez on ouster of Shin Bet chief 
Extraindo conteúdo de: https://www.ynetnews.com/article/b1njqrgajx#autoplay
Imagem principal encontrada: https://ynet-pic1.yit.co.il/cdn-cgi/image/format=auto/picserver6/crop_images/2024/12/17/HkXzR4rkS1e/HkXzR4rkS1e_0_310_731_411_0_x-large.jpg
Baixando imagem: https://ynet-pic1.yit.co.il/cdn-cgi/image/format=auto/picserver6/crop_images/2024/12/17/HkXzR4rkS1e/HkXzR4rkS1e_0_310_731_411_0_x-large.jpg
Imagem salva em: /var/www/madua/public/article-images/i-woke-up-half-naked-surrounded-by-men-released-ho-3.jpg
Artigo extraído: 'I woke up half naked surrounded by men': released hostage tells of sexual assault by Hamas
Extraindo conteúdo de: https://www.ynetnews.com/article/hj6nq11xakl#autoplay
Imagem principal encontrada: https://ynet-pic1.yit.co.il/cdn-cgi/image/format=auto/picserver6/crop_images/2025/03/25/BkWNmDbgaye/BkWNmDbgaye_0_17_1280_720_0_x-large.jpg
Baixando imagem: https://ynet-pic1.yit.co.il/cdn-cgi/image/format=auto/picserver6/crop_images/2025/03/25/BkWNmDbgaye/BkWNmDbgaye_0_17_1280_720_0_x-large.jpg
Imagem salva em: /var/www/madua/public/article-images/israeli-lawmakers-approve-2025-state-budget-as-pro-3.jpg
Artigo extraído: Israeli lawmakers approve 2025 state budget as protests continue outside Knesset
Extraindo conteúdo de: https://www.ynetnews.com/article/bko2711gpjx#autoplay
Imagem principal encontrada: https://ynet-pic1.yit.co.il/cdn-cgi/image/format=auto/picserver6/crop_images/2024/12/08/SJgmx11y7Ekg/SJgmx11y7Ekg_177_0_2667_2000_0_x-large.jpg
Baixando imagem: https://ynet-pic1.yit.co.il/cdn-cgi/image/format=auto/picserver6/crop_images/2024/12/08/SJgmx11y7Ekg/SJgmx11y7Ekg_177_0_2667_2000_0_x-large.jpg
Imagem salva em: /var/www/madua/public/article-images/israeli-airstrike-kills-gunmen-in-cross-border-fir-5.jpg
Artigo extraído: Israeli airstrike kills gunmen in cross-border fire in Syria
Extraindo conteúdo de: https://www.ynetnews.com/article/ry4b1glpke
Imagem principal encontrada: https://ynet-pic1.yit.co.il/cdn-cgi/image/format=auto/picserver6/crop_images/2025/03/25/S1o8zglpJe/S1o8zglpJe_12_980_534_301_0_x-large.jpg
Baixando imagem: https://ynet-pic1.yit.co.il/cdn-cgi/image/format=auto/picserver6/crop_images/2025/03/25/S1o8zglpJe/S1o8zglpJe_12_980_534_301_0_x-large.jpg
Imagem salva em: /var/www/madua/public/article-images/idf-unmasks-eliminated-al-jazeera-journalist-as-ha-5.jpg
Artigo extraído: IDF unmasks eliminated Al Jazeera journalist as Hamas terrorist
Extraindo conteúdo de: https://www.ynetnews.com/article/skxkm1xtjl#autoplay
Imagem principal encontrada: https://ynet-pic1.yit.co.il/cdn-cgi/image/format=auto/picserver6/crop_images/2024/12/26/SkA6HqqHke/SkA6HqqHke_0_0_400_400_0_x-large.jpg
Baixando imagem: https://ynet-pic1.yit.co.il/cdn-cgi/image/format=auto/picserver6/crop_images/2024/12/26/SkA6HqqHke/SkA6HqqHke_0_0_400_400_0_x-large.jpg
Imagem salva em: /var/www/madua/public/article-images/where-is-hezam-al-asad-houthi-official-behind-hebr-5.jpg
Artigo extraído: Where is Hezam al-Asad? Houthi official behind Hebrew anti-Israel posts vanishes
Artigos salvos em ynetnews_articles_2025-03-25_23-06-02.json

Resumo:
Total de artigos extraídos: 10
1. After son seen in Hamas video, father of hostage has some relief 
2. Gaza war must be focused, effective, with limited timeframe, US officials say
3. 'Hamas must go': Gazans demand an end to war in protest
4. 'Israel can't count on Trump's support against Iran,' Putlitzer Prize-winning journalist says 
5. Isareli top court upholds freez on ouster of Shin Bet chief 
6. 'I woke up half naked surrounded by men': released hostage tells of sexual assault by Hamas
7. Israeli lawmakers approve 2025 state budget as protests continue outside Knesset
8. Israeli airstrike kills gunmen in cross-border fire in Syria
9. IDF unmasks eliminated Al Jazeera journalist as Hamas terrorist
10. Where is Hezam al-Asad? Houthi official behind Hebrew anti-Israel posts vanishes
Importando artigos para o banco de dados...
Executando import_articles.ts...
TypeError: Unknown file extension ".ts" for /var/www/madua/import_articles.ts
    at Object.getFileProtocolModuleFormat [as file:] (node:internal/modules/esm/get_format:219:9)
    at defaultGetFormat (node:internal/modules/esm/get_format:245:36)
    at defaultLoad (node:internal/modules/esm/load:120:22)
    at async ModuleLoader.loadAndTranslate (node:internal/modules/esm/loader:514:32)
    at async ModuleJob._link (node:internal/modules/esm/module_job:115:19) {
  code: 'ERR_UNKNOWN_FILE_EXTENSION'
}
Processando artigos...
TypeError: Unknown file extension ".ts" for /var/www/madua/process_all_articles.ts
    at Object.getFileProtocolModuleFormat [as file:] (node:internal/modules/esm/get_format:219:9)
    at defaultGetFormat (node:internal/modules/esm/get_format:245:36)
    at defaultLoad (node:internal/modules/esm/load:120:22)
    at async ModuleLoader.loadAndTranslate (node:internal/modules/esm/loader:514:32)
    at async ModuleJob._link (node:internal/modules/esm/module_job:115:19) {
  code: 'ERR_UNKNOWN_FILE_EXTENSION'
}
===== Scraper concluído em Tue Mar 25 23:06:43 UTC 2025 =====
